Determining if the pthread_create exist failed with the following output:
Change Dir: /home/viki/ROS/Ass1/src/assignment1/CMakeFiles/CMakeTmp

Run Build Command:/usr/bin/make "cmTryCompileExec3180318203/fast"
/usr/bin/make -f CMakeFiles/cmTryCompileExec3180318203.dir/build.make CMakeFiles/cmTryCompileExec3180318203.dir/build
make[1]: Entering directory `/home/viki/ROS/Ass1/src/assignment1/CMakeFiles/CMakeTmp'
/usr/bin/cmake -E cmake_progress_report /home/viki/ROS/Ass1/src/assignment1/CMakeFiles/CMakeTmp/CMakeFiles 1
Building C object CMakeFiles/cmTryCompileExec3180318203.dir/CheckSymbolExists.c.o
/usr/bin/cc    -o CMakeFiles/cmTryCompileExec3180318203.dir/CheckSymbolExists.c.o   -c /home/viki/ROS/Ass1/src/assignment1/CMakeFiles/CMakeTmp/CheckSymbolExists.c
Linking C executable cmTryCompileExec3180318203
/usr/bin/cmake -E cmake_link_script CMakeFiles/cmTryCompileExec3180318203.dir/link.txt --verbose=1
/usr/bin/cc       CMakeFiles/cmTryCompileExec3180318203.dir/CheckSymbolExists.c.o  -o cmTryCompileExec3180318203 -rdynamic 
CMakeFiles/cmTryCompileExec3180318203.dir/CheckSymbolExists.c.o: In function `main':
CheckSymbolExists.c:(.text+0x16): undefined reference to `pthread_create'
collect2: error: ld returned 1 exit status
make[1]: Leaving directory `/home/viki/ROS/Ass1/src/assignment1/CMakeFiles/CMakeTmp'
make[1]: *** [cmTryCompileExec3180318203] Error 1
make: *** [cmTryCompileExec3180318203/fast] Error 2

File /home/viki/ROS/Ass1/src/assignment1/CMakeFiles/CMakeTmp/CheckSymbolExists.c:
/* */
#include <pthread.h>

int main(int argc, char** argv)
{
  (void)argv;
#ifndef pthread_create
  return ((int*)(&pthread_create))[argc];
#else
  (void)argc;
  return 0;
#endif
}

Determining if the function pthread_create exists in the pthreads failed with the following output:
Change Dir: /home/viki/ROS/Ass1/src/assignment1/CMakeFiles/CMakeTmp

Run Build Command:/usr/bin/make "cmTryCompileExec2071149994/fast"
/usr/bin/make -f CMakeFiles/cmTryCompileExec2071149994.dir/build.make CMakeFiles/cmTryCompileExec2071149994.dir/build
make[1]: Entering directory `/home/viki/ROS/Ass1/src/assignment1/CMakeFiles/CMakeTmp'
/usr/bin/cmake -E cmake_progress_report /home/viki/ROS/Ass1/src/assignment1/CMakeFiles/CMakeTmp/CMakeFiles 1
Building C object CMakeFiles/cmTryCompileExec2071149994.dir/CheckFunctionExists.c.o
/usr/bin/cc   -DCHECK_FUNCTION_EXISTS=pthread_create   -o CMakeFiles/cmTryCompileExec2071149994.dir/CheckFunctionExists.c.o   -c /usr/share/cmake-2.8/Modules/CheckFunctionExists.c
Linking C executable cmTryCompileExec2071149994
/usr/bin/cmake -E cmake_link_script CMakeFiles/cmTryCompileExec2071149994.dir/link.txt --verbose=1
/usr/bin/cc   -DCHECK_FUNCTION_EXISTS=pthread_create    CMakeFiles/cmTryCompileExec2071149994.dir/CheckFunctionExists.c.o  -o cmTryCompileExec2071149994 -rdynamic -lpthreads 
/usr/bin/ld: cannot find -lpthreads
collect2: error: ld returned 1 exit status
make[1]: Leaving directory `/home/viki/ROS/Ass1/src/assignment1/CMakeFiles/CMakeTmp'
make[1]: *** [cmTryCompileExec2071149994] Error 1
make: *** [cmTryCompileExec2071149994/fast] Error 2


